Determining if the pthread_create exist failed with the following output:
Change Dir: /home/fyx/lab404_ws/src/SC-LIO-SAM/build/CMakeFiles/CMakeTmp

Run Build Command:"/usr/bin/ninja" "cmTC_5beac"
[1/2] Building C object CMakeFiles/cmTC_5beac.dir/CheckSymbolExists.c.o
[2/2] Linking C executable cmTC_5beac
FAILED: cmTC_5beac 
: && /usr/bin/x86_64-linux-gnu-gcc-6   -rdynamic CMakeFiles/cmTC_5beac.dir/CheckSymbolExists.c.o  -o cmTC_5beac   && :
CMakeFiles/cmTC_5beac.dir/CheckSymbolExists.c.o: In function `main':
CheckSymbolExists.c:(.text+0x1b): undefined reference to `pthread_create'
collect2: error: ld returned 1 exit status
ninja: build stopped: subcommand failed.

File /home/fyx/lab404_ws/src/SC-LIO-SAM/build/CMakeFiles/CMakeTmp/CheckSymbolExists.c:
/* */
#include <pthread.h>

int main(int argc, char** argv)
{
  (void)argv;
#ifndef pthread_create
  return ((int*)(&pthread_create))[argc];
#else
  (void)argc;
  return 0;
#endif
}

Determining if the function pthread_create exists in the pthreads failed with the following output:
Change Dir: /home/fyx/lab404_ws/src/SC-LIO-SAM/build/CMakeFiles/CMakeTmp

Run Build Command:"/usr/bin/ninja" "cmTC_cb359"
[1/2] Building C object CMakeFiles/cmTC_cb359.dir/CheckFunctionExists.c.o
[2/2] Linking C executable cmTC_cb359
FAILED: cmTC_cb359 
: && /usr/bin/x86_64-linux-gnu-gcc-6 -DCHECK_FUNCTION_EXISTS=pthread_create  -rdynamic CMakeFiles/cmTC_cb359.dir/CheckFunctionExists.c.o  -o cmTC_cb359  -lpthreads && :
/usr/bin/x86_64-linux-gnu-ld: cannot find -lpthreads
collect2: error: ld returned 1 exit status
ninja: build stopped: subcommand failed.


